<?xml version="1.0" encoding="UTF-8"?>
<TestRun id="00d2e8c8-d5c4-468e-88ac-5d4dd89848f0" name="Alexandre@ALEXANDRE-PC 2011-01-25 21:43:32" runUser="Alexandre-PC\Alexandre" xmlns="http://microsoft.com/schemas/VisualStudio/TeamTest/2010">
  <TestSettings name="Local" id="285e3bb9-5dfb-4705-aaa0-96bb55459508">
    <Description>These are default test settings for a local test run.</Description>
    <Deployment enabled="false" runDeploymentRoot="Alexandre_ALEXANDRE-PC 2011-01-25 21_43_32">
      <DeploymentItem filename="J:\Projetos\MvcNorthwind\Modelo\bin\Debug\Modelo.dll" />
      <DeploymentItem filename="J:\Projetos\MvcNorthwind\MvcNorthwind\bin\NHibernate.dll" />
      <DeploymentItem filename="J:\Projetos\MvcNorthwind\MvcNorthwind\bin\NHibernate.ByteCode.Castle.dll" />
      <DeploymentItem filename="J:\Projetos\MvcNorthwind\MvcNorthwind\bin\log4net.dll" />
      <DeploymentItem filename="J:\Projetos\MvcNorthwind\MvcNorthwind\bin\Iesi.Collections.dll" />
      <DeploymentItem filename="J:\Projetos\MvcNorthwind\MvcNorthwind\bin\Castle.Core.dll" />
      <DeploymentItem filename="J:\Projetos\MvcNorthwind\MvcNorthwind\bin\FluentNHibernate.dll" />
      <DeploymentItem filename="J:\Projetos\MvcNorthwind\MvcNorthwind\bin\Castle.DynamicProxy2.dll" />
      <DeploymentItem filename="J:\Projetos\MvcNorthwind\MvcNorthwind\bin\Antlr3.Runtime.dll" />
      <DeploymentItem filename="J:\Projetos\MvcNorthwind\MvcNorthwind\bin\antlr.runtime.dll" />
      <DeploymentItem filename="J:\Projetos\MvcNorthwind\Business\bin\Debug\Business.dll" />
    </Deployment>
    <Execution>
      <TestTypeSpecific />
      <AgentRule name="Execution Agents">
      </AgentRule>
    </Execution>
  </TestSettings>
  <Times creation="2011-01-25T21:43:32.7719326-02:00" queuing="2011-01-25T21:43:33.7299874-02:00" start="2011-01-25T21:43:33.8589948-02:00" finish="2011-01-25T21:43:40.4713730-02:00" />
  <ResultSummary outcome="Completed">
    <Counters total="2" executed="2" passed="2" error="0" failed="0" timeout="0" aborted="0" inconclusive="0" passedButRunAborted="0" notRunnable="0" notExecuted="0" disconnected="0" warning="0" completed="0" inProgress="0" pending="0" />
  </ResultSummary>
  <TestDefinitions>
    <UnitTest name="Test_Session" storage="j:\projetos\mvcnorthwind\testrepository\bin\debug\testrepository.dll" id="d9ba5773-b4b5-d392-e4c4-74416e33868c">
      <Execution id="63acb215-5e14-4761-98e8-779db89806f8" />
      <TestMethod codeBase="J:/Projetos/MvcNorthwind/TestRepository/bin/Debug/TestRepository.DLL" adapterTypeName="Microsoft.VisualStudio.TestTools.TestTypes.Unit.UnitTestAdapter, Microsoft.VisualStudio.QualityTools.Tips.UnitTest.Adapter, Version=10.0.0.0, Culture=neutral, PublicKeyToken=b03f5f7f11d50a3a" className="TestRepository.UnitTest1, TestRepository, Version=1.0.0.0, Culture=neutral, PublicKeyToken=null" name="Test_Session" />
    </UnitTest>
    <UnitTest name="Test_Employee" storage="j:\projetos\mvcnorthwind\testrepository\bin\debug\testrepository.dll" id="35246005-c9af-c70d-76d4-5c5c16b91aac">
      <Execution id="aa163c27-41d7-4306-a832-c3301f01749a" />
      <TestMethod codeBase="J:/Projetos/MvcNorthwind/TestRepository/bin/Debug/TestRepository.DLL" adapterTypeName="Microsoft.VisualStudio.TestTools.TestTypes.Unit.UnitTestAdapter, Microsoft.VisualStudio.QualityTools.Tips.UnitTest.Adapter, Version=10.0.0.0, Culture=neutral, PublicKeyToken=b03f5f7f11d50a3a" className="TestRepository.UnitTest1, TestRepository, Version=1.0.0.0, Culture=neutral, PublicKeyToken=null" name="Test_Employee" />
    </UnitTest>
  </TestDefinitions>
  <TestLists>
    <TestList name="Results Not in a List" id="8c84fa94-04c1-424b-9868-57a2d4851a1d" />
    <TestList name="All Loaded Results" id="19431567-8539-422a-85d7-44ee4e166bda" />
  </TestLists>
  <TestEntries>
    <TestEntry testId="35246005-c9af-c70d-76d4-5c5c16b91aac" executionId="aa163c27-41d7-4306-a832-c3301f01749a" testListId="8c84fa94-04c1-424b-9868-57a2d4851a1d" />
    <TestEntry testId="d9ba5773-b4b5-d392-e4c4-74416e33868c" executionId="63acb215-5e14-4761-98e8-779db89806f8" testListId="8c84fa94-04c1-424b-9868-57a2d4851a1d" />
  </TestEntries>
  <Results>
    <UnitTestResult executionId="aa163c27-41d7-4306-a832-c3301f01749a" testId="35246005-c9af-c70d-76d4-5c5c16b91aac" testName="Test_Employee" computerName="ALEXANDRE-PC" duration="00:00:03.4141640" startTime="2011-01-25T21:43:33.9620007-02:00" endTime="2011-01-25T21:43:38.8532805-02:00" testType="13cdc9d9-ddb5-4fa4-a97d-d965ccfc6d4b" outcome="Passed" testListId="8c84fa94-04c1-424b-9868-57a2d4851a1d" relativeResultsDirectory="aa163c27-41d7-4306-a832-c3301f01749a">
    </UnitTestResult>
    <UnitTestResult executionId="63acb215-5e14-4761-98e8-779db89806f8" testId="d9ba5773-b4b5-d392-e4c4-74416e33868c" testName="Test_Session" computerName="ALEXANDRE-PC" duration="00:00:00.0026284" startTime="2011-01-25T21:43:38.8612809-02:00" endTime="2011-01-25T21:43:38.8732816-02:00" testType="13cdc9d9-ddb5-4fa4-a97d-d965ccfc6d4b" outcome="Passed" testListId="8c84fa94-04c1-424b-9868-57a2d4851a1d" relativeResultsDirectory="63acb215-5e14-4761-98e8-779db89806f8">
    </UnitTestResult>
  </Results>
</TestRun>