<?xml version="1.0" encoding="UTF-8"?>
<TestRun id="ae0890a3-f671-4e3e-ade1-b09fbc29ffd8" name="Alexandre@ALEXANDRE-PC 2011-01-25 22:58:25" runUser="Alexandre-PC\Alexandre" xmlns="http://microsoft.com/schemas/VisualStudio/TeamTest/2010">
  <TestSettings name="Local" id="285e3bb9-5dfb-4705-aaa0-96bb55459508">
    <Description>These are default test settings for a local test run.</Description>
    <Deployment enabled="false" runDeploymentRoot="Alexandre_ALEXANDRE-PC 2011-01-25 22_58_25">
      <DeploymentItem filename="J:\Projetos\MvcNorthwind\Modelo\bin\Debug\Modelo.dll" />
      <DeploymentItem filename="J:\Projetos\MvcNorthwind\MvcNorthwind\bin\NHibernate.dll" />
      <DeploymentItem filename="J:\Projetos\MvcNorthwind\MvcNorthwind\bin\NHibernate.ByteCode.Castle.dll" />
      <DeploymentItem filename="J:\Projetos\MvcNorthwind\MvcNorthwind\bin\log4net.dll" />
      <DeploymentItem filename="J:\Projetos\MvcNorthwind\MvcNorthwind\bin\Iesi.Collections.dll" />
      <DeploymentItem filename="J:\Projetos\MvcNorthwind\MvcNorthwind\bin\Castle.Core.dll" />
      <DeploymentItem filename="J:\Projetos\MvcNorthwind\MvcNorthwind\bin\FluentNHibernate.dll" />
      <DeploymentItem filename="J:\Projetos\MvcNorthwind\MvcNorthwind\bin\Castle.DynamicProxy2.dll" />
      <DeploymentItem filename="J:\Projetos\MvcNorthwind\MvcNorthwind\bin\Antlr3.Runtime.dll" />
      <DeploymentItem filename="J:\Projetos\MvcNorthwind\MvcNorthwind\bin\antlr.runtime.dll" />
      <DeploymentItem filename="J:\Projetos\MvcNorthwind\Business\bin\Debug\Business.dll" />
    </Deployment>
    <Execution>
      <TestTypeSpecific />
      <AgentRule name="Execution Agents">
      </AgentRule>
    </Execution>
  </TestSettings>
  <Times creation="2011-01-25T22:58:25.9689288-02:00" queuing="2011-01-25T22:58:26.8299781-02:00" start="2011-01-25T22:58:26.9679859-02:00" finish="2011-01-25T23:02:14.5720042-02:00" />
  <ResultSummary outcome="Error">
    <Counters total="2" executed="1" error="0" failed="0" timeout="0" aborted="1" inconclusive="0" passedButRunAborted="0" notRunnable="0" notExecuted="1" disconnected="0" warning="0" passed="0" completed="0" inProgress="0" pending="0" />
    <RunInfos>
      <RunInfo computerName="ALEXANDRE-PC" outcome="Error" timestamp="2011-01-25T23:02:14.5610035-02:00">
        <Text>Test host process exited unexpectedly.</Text>
      </RunInfo>
    </RunInfos>
  </ResultSummary>
  <TestDefinitions>
    <UnitTest name="Test_Session" storage="j:\projetos\mvcnorthwind\testrepository\bin\debug\testrepository.dll" id="d9ba5773-b4b5-d392-e4c4-74416e33868c">
      <Execution id="36c79386-7f26-433f-addb-dccc62afd969" />
      <TestMethod codeBase="J:/Projetos/MvcNorthwind/TestRepository/bin/Debug/TestRepository.DLL" adapterTypeName="Microsoft.VisualStudio.TestTools.TestTypes.Unit.UnitTestAdapter, Microsoft.VisualStudio.QualityTools.Tips.UnitTest.Adapter, Version=10.0.0.0, Culture=neutral, PublicKeyToken=b03f5f7f11d50a3a" className="TestRepository.UnitTest1, TestRepository, Version=1.0.0.0, Culture=neutral, PublicKeyToken=null" name="Test_Session" />
    </UnitTest>
    <UnitTest name="Test_Employee" storage="j:\projetos\mvcnorthwind\testrepository\bin\debug\testrepository.dll" id="35246005-c9af-c70d-76d4-5c5c16b91aac">
      <Execution id="b7ff2e72-3002-442d-8fe2-e4119a2888f1" />
      <TestMethod codeBase="J:/Projetos/MvcNorthwind/TestRepository/bin/Debug/TestRepository.DLL" adapterTypeName="Microsoft.VisualStudio.TestTools.TestTypes.Unit.UnitTestAdapter, Microsoft.VisualStudio.QualityTools.Tips.UnitTest.Adapter, Version=10.0.0.0, Culture=neutral, PublicKeyToken=b03f5f7f11d50a3a" className="TestRepository.UnitTest1, TestRepository, Version=1.0.0.0, Culture=neutral, PublicKeyToken=null" name="Test_Employee" />
    </UnitTest>
  </TestDefinitions>
  <TestLists>
    <TestList name="Results Not in a List" id="8c84fa94-04c1-424b-9868-57a2d4851a1d" />
    <TestList name="All Loaded Results" id="19431567-8539-422a-85d7-44ee4e166bda" />
  </TestLists>
  <TestEntries>
    <TestEntry testId="35246005-c9af-c70d-76d4-5c5c16b91aac" executionId="b7ff2e72-3002-442d-8fe2-e4119a2888f1" testListId="8c84fa94-04c1-424b-9868-57a2d4851a1d" />
    <TestEntry testId="d9ba5773-b4b5-d392-e4c4-74416e33868c" executionId="36c79386-7f26-433f-addb-dccc62afd969" testListId="8c84fa94-04c1-424b-9868-57a2d4851a1d" />
  </TestEntries>
  <Results>
    <UnitTestResult executionId="b7ff2e72-3002-442d-8fe2-e4119a2888f1" testId="35246005-c9af-c70d-76d4-5c5c16b91aac" testName="Test_Employee" computerName="ALEXANDRE-PC" duration="00:03:47.4920118" startTime="2011-01-25T22:58:27.0789923-02:00" endTime="2011-01-25T23:02:14.5710041-02:00" testType="13cdc9d9-ddb5-4fa4-a97d-d965ccfc6d4b" outcome="Aborted" testListId="8c84fa94-04c1-424b-9868-57a2d4851a1d" relativeResultsDirectory="b7ff2e72-3002-442d-8fe2-e4119a2888f1">
    </UnitTestResult>
    <UnitTestResult executionId="36c79386-7f26-433f-addb-dccc62afd969" testId="d9ba5773-b4b5-d392-e4c4-74416e33868c" testName="Test_Session" computerName="ALEXANDRE-PC" testType="13cdc9d9-ddb5-4fa4-a97d-d965ccfc6d4b" outcome="NotExecuted" testListId="8c84fa94-04c1-424b-9868-57a2d4851a1d" relativeResultsDirectory="36c79386-7f26-433f-addb-dccc62afd969">
    </UnitTestResult>
  </Results>
</TestRun>